CRITICAL - 2023-09-23 05:18:19 --> The framework needs the following extension(s) installed and loaded: intl.
in SYSTEMPATH\CodeIgniter.php on line 246.
 1 SYSTEMPATH\CodeIgniter.php(246): CodeIgniter\Exceptions\FrameworkException::forMissingExtension('intl')
 2 SYSTEMPATH\CodeIgniter.php(210): CodeIgniter\CodeIgniter->resolvePlatformExtensions()
 3 FCPATH\index.php(67): CodeIgniter\CodeIgniter->initialize()
CRITICAL - 2023-09-23 05:22:10 --> The framework needs the following extension(s) installed and loaded: intl.
in SYSTEMPATH\CodeIgniter.php on line 246.
 1 SYSTEMPATH\CodeIgniter.php(246): CodeIgniter\Exceptions\FrameworkException::forMissingExtension('intl')
 2 SYSTEMPATH\CodeIgniter.php(210): CodeIgniter\CodeIgniter->resolvePlatformExtensions()
 3 FCPATH\index.php(67): CodeIgniter\CodeIgniter->initialize()
CRITICAL - 2023-09-23 05:23:55 --> The framework needs the following extension(s) installed and loaded: intl.
in SYSTEMPATH\CodeIgniter.php on line 246.
 1 SYSTEMPATH\CodeIgniter.php(246): CodeIgniter\Exceptions\FrameworkException::forMissingExtension('intl')
 2 SYSTEMPATH\CodeIgniter.php(210): CodeIgniter\CodeIgniter->resolvePlatformExtensions()
 3 FCPATH\index.php(67): CodeIgniter\CodeIgniter->initialize()
CRITICAL - 2023-09-23 05:23:57 --> The framework needs the following extension(s) installed and loaded: intl.
in SYSTEMPATH\CodeIgniter.php on line 246.
 1 SYSTEMPATH\CodeIgniter.php(246): CodeIgniter\Exceptions\FrameworkException::forMissingExtension('intl')
 2 SYSTEMPATH\CodeIgniter.php(210): CodeIgniter\CodeIgniter->resolvePlatformExtensions()
 3 FCPATH\index.php(67): CodeIgniter\CodeIgniter->initialize()
CRITICAL - 2023-09-23 05:23:58 --> The framework needs the following extension(s) installed and loaded: intl.
in SYSTEMPATH\CodeIgniter.php on line 246.
 1 SYSTEMPATH\CodeIgniter.php(246): CodeIgniter\Exceptions\FrameworkException::forMissingExtension('intl')
 2 SYSTEMPATH\CodeIgniter.php(210): CodeIgniter\CodeIgniter->resolvePlatformExtensions()
 3 FCPATH\index.php(67): CodeIgniter\CodeIgniter->initialize()
CRITICAL - 2023-09-23 05:23:58 --> The framework needs the following extension(s) installed and loaded: intl.
in SYSTEMPATH\CodeIgniter.php on line 246.
 1 SYSTEMPATH\CodeIgniter.php(246): CodeIgniter\Exceptions\FrameworkException::forMissingExtension('intl')
 2 SYSTEMPATH\CodeIgniter.php(210): CodeIgniter\CodeIgniter->resolvePlatformExtensions()
 3 FCPATH\index.php(67): CodeIgniter\CodeIgniter->initialize()
CRITICAL - 2023-09-23 05:24:55 --> The framework needs the following extension(s) installed and loaded: intl.
in SYSTEMPATH\CodeIgniter.php on line 246.
 1 SYSTEMPATH\CodeIgniter.php(246): CodeIgniter\Exceptions\FrameworkException::forMissingExtension('intl')
 2 SYSTEMPATH\CodeIgniter.php(210): CodeIgniter\CodeIgniter->resolvePlatformExtensions()
 3 FCPATH\index.php(67): CodeIgniter\CodeIgniter->initialize()
CRITICAL - 2023-09-23 05:25:55 --> The framework needs the following extension(s) installed and loaded: intl.
in SYSTEMPATH\CodeIgniter.php on line 246.
 1 SYSTEMPATH\CodeIgniter.php(246): CodeIgniter\Exceptions\FrameworkException::forMissingExtension('intl')
 2 SYSTEMPATH\CodeIgniter.php(210): CodeIgniter\CodeIgniter->resolvePlatformExtensions()
 3 FCPATH\index.php(67): CodeIgniter\CodeIgniter->initialize()
CRITICAL - 2023-09-23 05:26:02 --> The framework needs the following extension(s) installed and loaded: intl.
in SYSTEMPATH\CodeIgniter.php on line 246.
 1 SYSTEMPATH\CodeIgniter.php(246): CodeIgniter\Exceptions\FrameworkException::forMissingExtension('intl')
 2 SYSTEMPATH\CodeIgniter.php(210): CodeIgniter\CodeIgniter->resolvePlatformExtensions()
 3 FCPATH\index.php(67): CodeIgniter\CodeIgniter->initialize()
CRITICAL - 2023-09-23 03:40:11 --> Invalid file: "v_home.php"
in SYSTEMPATH\Exceptions\FrameworkException.php on line 39.
 1 SYSTEMPATH\View\View.php(214): CodeIgniter\Exceptions\FrameworkException::forInvalidFile('v_home.php')
 2 SYSTEMPATH\Common.php(1188): CodeIgniter\View\View->render('v_home', [], true)
 3 APPPATH\Controllers\Home.php(9): view('v_home')
 4 SYSTEMPATH\CodeIgniter.php(919): App\Controllers\Home->index()
 5 SYSTEMPATH\CodeIgniter.php(494): CodeIgniter\CodeIgniter->runController(Object(App\Controllers\Home))
 6 SYSTEMPATH\CodeIgniter.php(353): CodeIgniter\CodeIgniter->handleRequest(null, Object(Config\Cache), false)
 7 FCPATH\index.php(79): CodeIgniter\CodeIgniter->run()
CRITICAL - 2023-09-23 20:41:11 --> Undefined variable $dataPoints
in APPPATH\Views\layout\v_footer.php on line 91.
 1 APPPATH\Views\layout\v_footer.php(91): CodeIgniter\Debug\Exceptions->errorHandler(2, 'Undefined variable $dataPoints', 'C:\\xampp\\htdocs\\pesankendaraan\\app\\Views\\layout\\v_footer.php', 91)
 2 SYSTEMPATH\View\View.php(226): include('C:\\xampp\\htdocs\\pesankendaraan\\app\\Views\\layout\\v_footer.php')
 3 SYSTEMPATH\View\View.php(229): CodeIgniter\View\View->CodeIgniter\View\{closure}()
 4 SYSTEMPATH\Common.php(1188): CodeIgniter\View\View->render('layout/v_footer', [], true)
 5 APPPATH\Views\layout\v_wrapper.php(6): view('layout/v_footer')
 6 SYSTEMPATH\View\View.php(226): include('C:\\xampp\\htdocs\\pesankendaraan\\app\\Views\\layout\\v_wrapper.php')
 7 SYSTEMPATH\View\View.php(229): CodeIgniter\View\View->CodeIgniter\View\{closure}()
 8 SYSTEMPATH\Common.php(1188): CodeIgniter\View\View->render('layout/v_wrapper', [], true)
 9 APPPATH\Controllers\Home.php(13): view('layout/v_wrapper', [...])
10 SYSTEMPATH\CodeIgniter.php(919): App\Controllers\Home->index()
11 SYSTEMPATH\CodeIgniter.php(494): CodeIgniter\CodeIgniter->runController(Object(App\Controllers\Home))
12 SYSTEMPATH\CodeIgniter.php(353): CodeIgniter\CodeIgniter->handleRequest(null, Object(Config\Cache), false)
13 FCPATH\index.php(79): CodeIgniter\CodeIgniter->run()
CRITICAL - 2023-09-23 20:42:29 --> Undefined variable $dataPoints
in APPPATH\Views\layout\v_footer.php on line 91.
 1 APPPATH\Views\layout\v_footer.php(91): CodeIgniter\Debug\Exceptions->errorHandler(2, 'Undefined variable $dataPoints', 'C:\\xampp\\htdocs\\pesankendaraan\\app\\Views\\layout\\v_footer.php', 91)
 2 SYSTEMPATH\View\View.php(226): include('C:\\xampp\\htdocs\\pesankendaraan\\app\\Views\\layout\\v_footer.php')
 3 SYSTEMPATH\View\View.php(229): CodeIgniter\View\View->CodeIgniter\View\{closure}()
 4 SYSTEMPATH\Common.php(1188): CodeIgniter\View\View->render('layout/v_footer', [], true)
 5 APPPATH\Views\layout\v_wrapper.php(6): view('layout/v_footer')
 6 SYSTEMPATH\View\View.php(226): include('C:\\xampp\\htdocs\\pesankendaraan\\app\\Views\\layout\\v_wrapper.php')
 7 SYSTEMPATH\View\View.php(229): CodeIgniter\View\View->CodeIgniter\View\{closure}()
 8 SYSTEMPATH\Common.php(1188): CodeIgniter\View\View->render('layout/v_wrapper', [], true)
 9 APPPATH\Controllers\Home.php(13): view('layout/v_wrapper', [...])
10 SYSTEMPATH\CodeIgniter.php(919): App\Controllers\Home->index()
11 SYSTEMPATH\CodeIgniter.php(494): CodeIgniter\CodeIgniter->runController(Object(App\Controllers\Home))
12 SYSTEMPATH\CodeIgniter.php(353): CodeIgniter\CodeIgniter->handleRequest(null, Object(Config\Cache), false)
13 FCPATH\index.php(79): CodeIgniter\CodeIgniter->run()
CRITICAL - 2023-09-23 20:42:29 --> Undefined variable $dataPoints
in APPPATH\Views\layout\v_footer.php on line 91.
 1 APPPATH\Views\layout\v_footer.php(91): CodeIgniter\Debug\Exceptions->errorHandler(2, 'Undefined variable $dataPoints', 'C:\\xampp\\htdocs\\pesankendaraan\\app\\Views\\layout\\v_footer.php', 91)
 2 SYSTEMPATH\View\View.php(226): include('C:\\xampp\\htdocs\\pesankendaraan\\app\\Views\\layout\\v_footer.php')
 3 SYSTEMPATH\View\View.php(229): CodeIgniter\View\View->CodeIgniter\View\{closure}()
 4 SYSTEMPATH\Common.php(1188): CodeIgniter\View\View->render('layout/v_footer', [], true)
 5 APPPATH\Views\layout\v_wrapper.php(6): view('layout/v_footer')
 6 SYSTEMPATH\View\View.php(226): include('C:\\xampp\\htdocs\\pesankendaraan\\app\\Views\\layout\\v_wrapper.php')
 7 SYSTEMPATH\View\View.php(229): CodeIgniter\View\View->CodeIgniter\View\{closure}()
 8 SYSTEMPATH\Common.php(1188): CodeIgniter\View\View->render('layout/v_wrapper', [], true)
 9 APPPATH\Controllers\Home.php(13): view('layout/v_wrapper', [...])
10 SYSTEMPATH\CodeIgniter.php(919): App\Controllers\Home->index()
11 SYSTEMPATH\CodeIgniter.php(494): CodeIgniter\CodeIgniter->runController(Object(App\Controllers\Home))
12 SYSTEMPATH\CodeIgniter.php(353): CodeIgniter\CodeIgniter->handleRequest(null, Object(Config\Cache), false)
13 FCPATH\index.php(79): CodeIgniter\CodeIgniter->run()
CRITICAL - 2023-09-23 20:43:40 --> Undefined variable $dataPoints
in APPPATH\Views\layout\v_content.php on line 44.
 1 APPPATH\Views\layout\v_content.php(44): CodeIgniter\Debug\Exceptions->errorHandler(2, 'Undefined variable $dataPoints', 'C:\\xampp\\htdocs\\pesankendaraan\\app\\Views\\layout\\v_content.php', 44)
 2 SYSTEMPATH\View\View.php(226): include('C:\\xampp\\htdocs\\pesankendaraan\\app\\Views\\layout\\v_content.php')
 3 SYSTEMPATH\View\View.php(229): CodeIgniter\View\View->CodeIgniter\View\{closure}()
 4 SYSTEMPATH\Common.php(1188): CodeIgniter\View\View->render('layout/v_content', [], true)
 5 APPPATH\Views\layout\v_wrapper.php(5): view('layout/v_content')
 6 SYSTEMPATH\View\View.php(226): include('C:\\xampp\\htdocs\\pesankendaraan\\app\\Views\\layout\\v_wrapper.php')
 7 SYSTEMPATH\View\View.php(229): CodeIgniter\View\View->CodeIgniter\View\{closure}()
 8 SYSTEMPATH\Common.php(1188): CodeIgniter\View\View->render('layout/v_wrapper', [], true)
 9 APPPATH\Controllers\Home.php(13): view('layout/v_wrapper', [...])
10 SYSTEMPATH\CodeIgniter.php(919): App\Controllers\Home->index()
11 SYSTEMPATH\CodeIgniter.php(494): CodeIgniter\CodeIgniter->runController(Object(App\Controllers\Home))
12 SYSTEMPATH\CodeIgniter.php(353): CodeIgniter\CodeIgniter->handleRequest(null, Object(Config\Cache), false)
13 FCPATH\index.php(79): CodeIgniter\CodeIgniter->run()
CRITICAL - 2023-09-23 20:43:41 --> Undefined variable $dataPoints
in APPPATH\Views\layout\v_content.php on line 44.
 1 APPPATH\Views\layout\v_content.php(44): CodeIgniter\Debug\Exceptions->errorHandler(2, 'Undefined variable $dataPoints', 'C:\\xampp\\htdocs\\pesankendaraan\\app\\Views\\layout\\v_content.php', 44)
 2 SYSTEMPATH\View\View.php(226): include('C:\\xampp\\htdocs\\pesankendaraan\\app\\Views\\layout\\v_content.php')
 3 SYSTEMPATH\View\View.php(229): CodeIgniter\View\View->CodeIgniter\View\{closure}()
 4 SYSTEMPATH\Common.php(1188): CodeIgniter\View\View->render('layout/v_content', [], true)
 5 APPPATH\Views\layout\v_wrapper.php(5): view('layout/v_content')
 6 SYSTEMPATH\View\View.php(226): include('C:\\xampp\\htdocs\\pesankendaraan\\app\\Views\\layout\\v_wrapper.php')
 7 SYSTEMPATH\View\View.php(229): CodeIgniter\View\View->CodeIgniter\View\{closure}()
 8 SYSTEMPATH\Common.php(1188): CodeIgniter\View\View->render('layout/v_wrapper', [], true)
 9 APPPATH\Controllers\Home.php(13): view('layout/v_wrapper', [...])
10 SYSTEMPATH\CodeIgniter.php(919): App\Controllers\Home->index()
11 SYSTEMPATH\CodeIgniter.php(494): CodeIgniter\CodeIgniter->runController(Object(App\Controllers\Home))
12 SYSTEMPATH\CodeIgniter.php(353): CodeIgniter\CodeIgniter->handleRequest(null, Object(Config\Cache), false)
13 FCPATH\index.php(79): CodeIgniter\CodeIgniter->run()
CRITICAL - 2023-09-23 20:45:25 --> Undefined variable $dataPoints
in APPPATH\Views\layout\v_content.php on line 48.
 1 APPPATH\Views\layout\v_content.php(48): CodeIgniter\Debug\Exceptions->errorHandler(2, 'Undefined variable $dataPoints', 'C:\\xampp\\htdocs\\pesankendaraan\\app\\Views\\layout\\v_content.php', 48)
 2 SYSTEMPATH\View\View.php(226): include('C:\\xampp\\htdocs\\pesankendaraan\\app\\Views\\layout\\v_content.php')
 3 SYSTEMPATH\View\View.php(229): CodeIgniter\View\View->CodeIgniter\View\{closure}()
 4 SYSTEMPATH\Common.php(1188): CodeIgniter\View\View->render('layout/v_content', [], true)
 5 APPPATH\Views\layout\v_wrapper.php(5): view('layout/v_content')
 6 SYSTEMPATH\View\View.php(226): include('C:\\xampp\\htdocs\\pesankendaraan\\app\\Views\\layout\\v_wrapper.php')
 7 SYSTEMPATH\View\View.php(229): CodeIgniter\View\View->CodeIgniter\View\{closure}()
 8 SYSTEMPATH\Common.php(1188): CodeIgniter\View\View->render('layout/v_wrapper', [], true)
 9 APPPATH\Controllers\Home.php(13): view('layout/v_wrapper', [...])
10 SYSTEMPATH\CodeIgniter.php(919): App\Controllers\Home->index()
11 SYSTEMPATH\CodeIgniter.php(494): CodeIgniter\CodeIgniter->runController(Object(App\Controllers\Home))
12 SYSTEMPATH\CodeIgniter.php(353): CodeIgniter\CodeIgniter->handleRequest(null, Object(Config\Cache), false)
13 FCPATH\index.php(79): CodeIgniter\CodeIgniter->run()
CRITICAL - 2023-09-23 20:45:25 --> Undefined variable $dataPoints
in APPPATH\Views\layout\v_content.php on line 48.
 1 APPPATH\Views\layout\v_content.php(48): CodeIgniter\Debug\Exceptions->errorHandler(2, 'Undefined variable $dataPoints', 'C:\\xampp\\htdocs\\pesankendaraan\\app\\Views\\layout\\v_content.php', 48)
 2 SYSTEMPATH\View\View.php(226): include('C:\\xampp\\htdocs\\pesankendaraan\\app\\Views\\layout\\v_content.php')
 3 SYSTEMPATH\View\View.php(229): CodeIgniter\View\View->CodeIgniter\View\{closure}()
 4 SYSTEMPATH\Common.php(1188): CodeIgniter\View\View->render('layout/v_content', [], true)
 5 APPPATH\Views\layout\v_wrapper.php(5): view('layout/v_content')
 6 SYSTEMPATH\View\View.php(226): include('C:\\xampp\\htdocs\\pesankendaraan\\app\\Views\\layout\\v_wrapper.php')
 7 SYSTEMPATH\View\View.php(229): CodeIgniter\View\View->CodeIgniter\View\{closure}()
 8 SYSTEMPATH\Common.php(1188): CodeIgniter\View\View->render('layout/v_wrapper', [], true)
 9 APPPATH\Controllers\Home.php(13): view('layout/v_wrapper', [...])
10 SYSTEMPATH\CodeIgniter.php(919): App\Controllers\Home->index()
11 SYSTEMPATH\CodeIgniter.php(494): CodeIgniter\CodeIgniter->runController(Object(App\Controllers\Home))
12 SYSTEMPATH\CodeIgniter.php(353): CodeIgniter\CodeIgniter->handleRequest(null, Object(Config\Cache), false)
13 FCPATH\index.php(79): CodeIgniter\CodeIgniter->run()
CRITICAL - 2023-09-23 20:45:26 --> Undefined variable $dataPoints
in APPPATH\Views\layout\v_content.php on line 48.
 1 APPPATH\Views\layout\v_content.php(48): CodeIgniter\Debug\Exceptions->errorHandler(2, 'Undefined variable $dataPoints', 'C:\\xampp\\htdocs\\pesankendaraan\\app\\Views\\layout\\v_content.php', 48)
 2 SYSTEMPATH\View\View.php(226): include('C:\\xampp\\htdocs\\pesankendaraan\\app\\Views\\layout\\v_content.php')
 3 SYSTEMPATH\View\View.php(229): CodeIgniter\View\View->CodeIgniter\View\{closure}()
 4 SYSTEMPATH\Common.php(1188): CodeIgniter\View\View->render('layout/v_content', [], true)
 5 APPPATH\Views\layout\v_wrapper.php(5): view('layout/v_content')
 6 SYSTEMPATH\View\View.php(226): include('C:\\xampp\\htdocs\\pesankendaraan\\app\\Views\\layout\\v_wrapper.php')
 7 SYSTEMPATH\View\View.php(229): CodeIgniter\View\View->CodeIgniter\View\{closure}()
 8 SYSTEMPATH\Common.php(1188): CodeIgniter\View\View->render('layout/v_wrapper', [], true)
 9 APPPATH\Controllers\Home.php(13): view('layout/v_wrapper', [...])
10 SYSTEMPATH\CodeIgniter.php(919): App\Controllers\Home->index()
11 SYSTEMPATH\CodeIgniter.php(494): CodeIgniter\CodeIgniter->runController(Object(App\Controllers\Home))
12 SYSTEMPATH\CodeIgniter.php(353): CodeIgniter\CodeIgniter->handleRequest(null, Object(Config\Cache), false)
13 FCPATH\index.php(79): CodeIgniter\CodeIgniter->run()
CRITICAL - 2023-09-23 20:45:45 --> syntax error, unexpected token "<", expecting end of file
in APPPATH\Views\layout\v_content.php on line 40.
 1 SYSTEMPATH\View\View.php(229): CodeIgniter\View\View->CodeIgniter\View\{closure}()
 2 SYSTEMPATH\Common.php(1188): CodeIgniter\View\View->render('layout/v_content', [], true)
 3 APPPATH\Views\layout\v_wrapper.php(5): view('layout/v_content')
 4 SYSTEMPATH\View\View.php(226): include('C:\\xampp\\htdocs\\pesankendaraan\\app\\Views\\layout\\v_wrapper.php')
 5 SYSTEMPATH\View\View.php(229): CodeIgniter\View\View->CodeIgniter\View\{closure}()
 6 SYSTEMPATH\Common.php(1188): CodeIgniter\View\View->render('layout/v_wrapper', [], true)
 7 APPPATH\Controllers\Home.php(13): view('layout/v_wrapper', [...])
 8 SYSTEMPATH\CodeIgniter.php(919): App\Controllers\Home->index()
 9 SYSTEMPATH\CodeIgniter.php(494): CodeIgniter\CodeIgniter->runController(Object(App\Controllers\Home))
10 SYSTEMPATH\CodeIgniter.php(353): CodeIgniter\CodeIgniter->handleRequest(null, Object(Config\Cache), false)
11 FCPATH\index.php(79): CodeIgniter\CodeIgniter->run()
CRITICAL - 2023-09-23 20:45:46 --> syntax error, unexpected token "<", expecting end of file
in APPPATH\Views\layout\v_content.php on line 40.
 1 SYSTEMPATH\View\View.php(229): CodeIgniter\View\View->CodeIgniter\View\{closure}()
 2 SYSTEMPATH\Common.php(1188): CodeIgniter\View\View->render('layout/v_content', [], true)
 3 APPPATH\Views\layout\v_wrapper.php(5): view('layout/v_content')
 4 SYSTEMPATH\View\View.php(226): include('C:\\xampp\\htdocs\\pesankendaraan\\app\\Views\\layout\\v_wrapper.php')
 5 SYSTEMPATH\View\View.php(229): CodeIgniter\View\View->CodeIgniter\View\{closure}()
 6 SYSTEMPATH\Common.php(1188): CodeIgniter\View\View->render('layout/v_wrapper', [], true)
 7 APPPATH\Controllers\Home.php(13): view('layout/v_wrapper', [...])
 8 SYSTEMPATH\CodeIgniter.php(919): App\Controllers\Home->index()
 9 SYSTEMPATH\CodeIgniter.php(494): CodeIgniter\CodeIgniter->runController(Object(App\Controllers\Home))
10 SYSTEMPATH\CodeIgniter.php(353): CodeIgniter\CodeIgniter->handleRequest(null, Object(Config\Cache), false)
11 FCPATH\index.php(79): CodeIgniter\CodeIgniter->run()
CRITICAL - 2023-09-23 20:45:49 --> syntax error, unexpected token "<", expecting end of file
in APPPATH\Views\layout\v_content.php on line 40.
 1 SYSTEMPATH\View\View.php(229): CodeIgniter\View\View->CodeIgniter\View\{closure}()
 2 SYSTEMPATH\Common.php(1188): CodeIgniter\View\View->render('layout/v_content', [], true)
 3 APPPATH\Views\layout\v_wrapper.php(5): view('layout/v_content')
 4 SYSTEMPATH\View\View.php(226): include('C:\\xampp\\htdocs\\pesankendaraan\\app\\Views\\layout\\v_wrapper.php')
 5 SYSTEMPATH\View\View.php(229): CodeIgniter\View\View->CodeIgniter\View\{closure}()
 6 SYSTEMPATH\Common.php(1188): CodeIgniter\View\View->render('layout/v_wrapper', [], true)
 7 APPPATH\Controllers\Home.php(13): view('layout/v_wrapper', [...])
 8 SYSTEMPATH\CodeIgniter.php(919): App\Controllers\Home->index()
 9 SYSTEMPATH\CodeIgniter.php(494): CodeIgniter\CodeIgniter->runController(Object(App\Controllers\Home))
10 SYSTEMPATH\CodeIgniter.php(353): CodeIgniter\CodeIgniter->handleRequest(null, Object(Config\Cache), false)
11 FCPATH\index.php(79): CodeIgniter\CodeIgniter->run()
CRITICAL - 2023-09-23 20:46:35 --> Undefined variable $dataPoints
in APPPATH\Views\layout\v_footer.php on line 91.
 1 APPPATH\Views\layout\v_footer.php(91): CodeIgniter\Debug\Exceptions->errorHandler(2, 'Undefined variable $dataPoints', 'C:\\xampp\\htdocs\\pesankendaraan\\app\\Views\\layout\\v_footer.php', 91)
 2 SYSTEMPATH\View\View.php(226): include('C:\\xampp\\htdocs\\pesankendaraan\\app\\Views\\layout\\v_footer.php')
 3 SYSTEMPATH\View\View.php(229): CodeIgniter\View\View->CodeIgniter\View\{closure}()
 4 SYSTEMPATH\Common.php(1188): CodeIgniter\View\View->render('layout/v_footer', [], true)
 5 APPPATH\Views\layout\v_wrapper.php(6): view('layout/v_footer')
 6 SYSTEMPATH\View\View.php(226): include('C:\\xampp\\htdocs\\pesankendaraan\\app\\Views\\layout\\v_wrapper.php')
 7 SYSTEMPATH\View\View.php(229): CodeIgniter\View\View->CodeIgniter\View\{closure}()
 8 SYSTEMPATH\Common.php(1188): CodeIgniter\View\View->render('layout/v_wrapper', [], true)
 9 APPPATH\Controllers\Home.php(13): view('layout/v_wrapper', [...])
10 SYSTEMPATH\CodeIgniter.php(919): App\Controllers\Home->index()
11 SYSTEMPATH\CodeIgniter.php(494): CodeIgniter\CodeIgniter->runController(Object(App\Controllers\Home))
12 SYSTEMPATH\CodeIgniter.php(353): CodeIgniter\CodeIgniter->handleRequest(null, Object(Config\Cache), false)
13 FCPATH\index.php(79): CodeIgniter\CodeIgniter->run()
CRITICAL - 2023-09-23 20:47:42 --> Undefined variable $dataPoints
in APPPATH\Views\layout\v_footer.php on line 91.
 1 APPPATH\Views\layout\v_footer.php(91): CodeIgniter\Debug\Exceptions->errorHandler(2, 'Undefined variable $dataPoints', 'C:\\xampp\\htdocs\\pesankendaraan\\app\\Views\\layout\\v_footer.php', 91)
 2 SYSTEMPATH\View\View.php(226): include('C:\\xampp\\htdocs\\pesankendaraan\\app\\Views\\layout\\v_footer.php')
 3 SYSTEMPATH\View\View.php(229): CodeIgniter\View\View->CodeIgniter\View\{closure}()
 4 SYSTEMPATH\Common.php(1188): CodeIgniter\View\View->render('layout/v_footer', [], true)
 5 APPPATH\Views\layout\v_wrapper.php(6): view('layout/v_footer')
 6 SYSTEMPATH\View\View.php(226): include('C:\\xampp\\htdocs\\pesankendaraan\\app\\Views\\layout\\v_wrapper.php')
 7 SYSTEMPATH\View\View.php(229): CodeIgniter\View\View->CodeIgniter\View\{closure}()
 8 SYSTEMPATH\Common.php(1188): CodeIgniter\View\View->render('layout/v_wrapper', [], true)
 9 APPPATH\Controllers\Home.php(13): view('layout/v_wrapper', [...])
10 SYSTEMPATH\CodeIgniter.php(919): App\Controllers\Home->index()
11 SYSTEMPATH\CodeIgniter.php(494): CodeIgniter\CodeIgniter->runController(Object(App\Controllers\Home))
12 SYSTEMPATH\CodeIgniter.php(353): CodeIgniter\CodeIgniter->handleRequest(null, Object(Config\Cache), false)
13 FCPATH\index.php(79): CodeIgniter\CodeIgniter->run()
CRITICAL - 2023-09-23 20:47:43 --> Undefined variable $dataPoints
in APPPATH\Views\layout\v_footer.php on line 91.
 1 APPPATH\Views\layout\v_footer.php(91): CodeIgniter\Debug\Exceptions->errorHandler(2, 'Undefined variable $dataPoints', 'C:\\xampp\\htdocs\\pesankendaraan\\app\\Views\\layout\\v_footer.php', 91)
 2 SYSTEMPATH\View\View.php(226): include('C:\\xampp\\htdocs\\pesankendaraan\\app\\Views\\layout\\v_footer.php')
 3 SYSTEMPATH\View\View.php(229): CodeIgniter\View\View->CodeIgniter\View\{closure}()
 4 SYSTEMPATH\Common.php(1188): CodeIgniter\View\View->render('layout/v_footer', [], true)
 5 APPPATH\Views\layout\v_wrapper.php(6): view('layout/v_footer')
 6 SYSTEMPATH\View\View.php(226): include('C:\\xampp\\htdocs\\pesankendaraan\\app\\Views\\layout\\v_wrapper.php')
 7 SYSTEMPATH\View\View.php(229): CodeIgniter\View\View->CodeIgniter\View\{closure}()
 8 SYSTEMPATH\Common.php(1188): CodeIgniter\View\View->render('layout/v_wrapper', [], true)
 9 APPPATH\Controllers\Home.php(13): view('layout/v_wrapper', [...])
10 SYSTEMPATH\CodeIgniter.php(919): App\Controllers\Home->index()
11 SYSTEMPATH\CodeIgniter.php(494): CodeIgniter\CodeIgniter->runController(Object(App\Controllers\Home))
12 SYSTEMPATH\CodeIgniter.php(353): CodeIgniter\CodeIgniter->handleRequest(null, Object(Config\Cache), false)
13 FCPATH\index.php(79): CodeIgniter\CodeIgniter->run()
CRITICAL - 2023-09-23 20:47:43 --> Undefined variable $dataPoints
in APPPATH\Views\layout\v_footer.php on line 91.
 1 APPPATH\Views\layout\v_footer.php(91): CodeIgniter\Debug\Exceptions->errorHandler(2, 'Undefined variable $dataPoints', 'C:\\xampp\\htdocs\\pesankendaraan\\app\\Views\\layout\\v_footer.php', 91)
 2 SYSTEMPATH\View\View.php(226): include('C:\\xampp\\htdocs\\pesankendaraan\\app\\Views\\layout\\v_footer.php')
 3 SYSTEMPATH\View\View.php(229): CodeIgniter\View\View->CodeIgniter\View\{closure}()
 4 SYSTEMPATH\Common.php(1188): CodeIgniter\View\View->render('layout/v_footer', [], true)
 5 APPPATH\Views\layout\v_wrapper.php(6): view('layout/v_footer')
 6 SYSTEMPATH\View\View.php(226): include('C:\\xampp\\htdocs\\pesankendaraan\\app\\Views\\layout\\v_wrapper.php')
 7 SYSTEMPATH\View\View.php(229): CodeIgniter\View\View->CodeIgniter\View\{closure}()
 8 SYSTEMPATH\Common.php(1188): CodeIgniter\View\View->render('layout/v_wrapper', [], true)
 9 APPPATH\Controllers\Home.php(13): view('layout/v_wrapper', [...])
10 SYSTEMPATH\CodeIgniter.php(919): App\Controllers\Home->index()
11 SYSTEMPATH\CodeIgniter.php(494): CodeIgniter\CodeIgniter->runController(Object(App\Controllers\Home))
12 SYSTEMPATH\CodeIgniter.php(353): CodeIgniter\CodeIgniter->handleRequest(null, Object(Config\Cache), false)
13 FCPATH\index.php(79): CodeIgniter\CodeIgniter->run()
CRITICAL - 2023-09-23 20:47:43 --> Undefined variable $dataPoints
in APPPATH\Views\layout\v_footer.php on line 91.
 1 APPPATH\Views\layout\v_footer.php(91): CodeIgniter\Debug\Exceptions->errorHandler(2, 'Undefined variable $dataPoints', 'C:\\xampp\\htdocs\\pesankendaraan\\app\\Views\\layout\\v_footer.php', 91)
 2 SYSTEMPATH\View\View.php(226): include('C:\\xampp\\htdocs\\pesankendaraan\\app\\Views\\layout\\v_footer.php')
 3 SYSTEMPATH\View\View.php(229): CodeIgniter\View\View->CodeIgniter\View\{closure}()
 4 SYSTEMPATH\Common.php(1188): CodeIgniter\View\View->render('layout/v_footer', [], true)
 5 APPPATH\Views\layout\v_wrapper.php(6): view('layout/v_footer')
 6 SYSTEMPATH\View\View.php(226): include('C:\\xampp\\htdocs\\pesankendaraan\\app\\Views\\layout\\v_wrapper.php')
 7 SYSTEMPATH\View\View.php(229): CodeIgniter\View\View->CodeIgniter\View\{closure}()
 8 SYSTEMPATH\Common.php(1188): CodeIgniter\View\View->render('layout/v_wrapper', [], true)
 9 APPPATH\Controllers\Home.php(13): view('layout/v_wrapper', [...])
10 SYSTEMPATH\CodeIgniter.php(919): App\Controllers\Home->index()
11 SYSTEMPATH\CodeIgniter.php(494): CodeIgniter\CodeIgniter->runController(Object(App\Controllers\Home))
12 SYSTEMPATH\CodeIgniter.php(353): CodeIgniter\CodeIgniter->handleRequest(null, Object(Config\Cache), false)
13 FCPATH\index.php(79): CodeIgniter\CodeIgniter->run()
CRITICAL - 2023-09-23 22:44:45 --> Undefined variable $dataPoints
in APPPATH\Views\layout\v_footer.php on line 91.
 1 APPPATH\Views\layout\v_footer.php(91): CodeIgniter\Debug\Exceptions->errorHandler(2, 'Undefined variable $dataPoints', 'C:\\xampp\\htdocs\\pesankendaraan\\app\\Views\\layout\\v_footer.php', 91)
 2 SYSTEMPATH\View\View.php(226): include('C:\\xampp\\htdocs\\pesankendaraan\\app\\Views\\layout\\v_footer.php')
 3 SYSTEMPATH\View\View.php(229): CodeIgniter\View\View->CodeIgniter\View\{closure}()
 4 SYSTEMPATH\Common.php(1188): CodeIgniter\View\View->render('layout/v_footer', [], true)
 5 APPPATH\Views\layout\v_wrapper.php(6): view('layout/v_footer')
 6 SYSTEMPATH\View\View.php(226): include('C:\\xampp\\htdocs\\pesankendaraan\\app\\Views\\layout\\v_wrapper.php')
 7 SYSTEMPATH\View\View.php(229): CodeIgniter\View\View->CodeIgniter\View\{closure}()
 8 SYSTEMPATH\Common.php(1188): CodeIgniter\View\View->render('layout/v_wrapper', [], true)
 9 APPPATH\Controllers\Home.php(13): view('layout/v_wrapper', [...])
10 SYSTEMPATH\CodeIgniter.php(919): App\Controllers\Home->index()
11 SYSTEMPATH\CodeIgniter.php(494): CodeIgniter\CodeIgniter->runController(Object(App\Controllers\Home))
12 SYSTEMPATH\CodeIgniter.php(353): CodeIgniter\CodeIgniter->handleRequest(null, Object(Config\Cache), false)
13 FCPATH\index.php(79): CodeIgniter\CodeIgniter->run()
CRITICAL - 2023-09-23 22:49:13 --> Undefined variable $dataPoints
in APPPATH\Views\layout\v_footer.php on line 91.
 1 APPPATH\Views\layout\v_footer.php(91): CodeIgniter\Debug\Exceptions->errorHandler(2, 'Undefined variable $dataPoints', 'C:\\xampp\\htdocs\\pesankendaraan\\app\\Views\\layout\\v_footer.php', 91)
 2 SYSTEMPATH\View\View.php(226): include('C:\\xampp\\htdocs\\pesankendaraan\\app\\Views\\layout\\v_footer.php')
 3 SYSTEMPATH\View\View.php(229): CodeIgniter\View\View->CodeIgniter\View\{closure}()
 4 SYSTEMPATH\Common.php(1188): CodeIgniter\View\View->render('layout/v_footer', [], true)
 5 APPPATH\Views\layout\v_wrapper.php(6): view('layout/v_footer')
 6 SYSTEMPATH\View\View.php(226): include('C:\\xampp\\htdocs\\pesankendaraan\\app\\Views\\layout\\v_wrapper.php')
 7 SYSTEMPATH\View\View.php(229): CodeIgniter\View\View->CodeIgniter\View\{closure}()
 8 SYSTEMPATH\Common.php(1188): CodeIgniter\View\View->render('layout/v_wrapper', [], true)
 9 APPPATH\Controllers\Home.php(13): view('layout/v_wrapper', [...])
10 SYSTEMPATH\CodeIgniter.php(919): App\Controllers\Home->index()
11 SYSTEMPATH\CodeIgniter.php(494): CodeIgniter\CodeIgniter->runController(Object(App\Controllers\Home))
12 SYSTEMPATH\CodeIgniter.php(353): CodeIgniter\CodeIgniter->handleRequest(null, Object(Config\Cache), false)
13 FCPATH\index.php(79): CodeIgniter\CodeIgniter->run()
CRITICAL - 2023-09-23 22:49:18 --> Undefined variable $dataPoints
in APPPATH\Views\layout\v_footer.php on line 91.
 1 APPPATH\Views\layout\v_footer.php(91): CodeIgniter\Debug\Exceptions->errorHandler(2, 'Undefined variable $dataPoints', 'C:\\xampp\\htdocs\\pesankendaraan\\app\\Views\\layout\\v_footer.php', 91)
 2 SYSTEMPATH\View\View.php(226): include('C:\\xampp\\htdocs\\pesankendaraan\\app\\Views\\layout\\v_footer.php')
 3 SYSTEMPATH\View\View.php(229): CodeIgniter\View\View->CodeIgniter\View\{closure}()
 4 SYSTEMPATH\Common.php(1188): CodeIgniter\View\View->render('layout/v_footer', [], true)
 5 APPPATH\Views\layout\v_wrapper.php(6): view('layout/v_footer')
 6 SYSTEMPATH\View\View.php(226): include('C:\\xampp\\htdocs\\pesankendaraan\\app\\Views\\layout\\v_wrapper.php')
 7 SYSTEMPATH\View\View.php(229): CodeIgniter\View\View->CodeIgniter\View\{closure}()
 8 SYSTEMPATH\Common.php(1188): CodeIgniter\View\View->render('layout/v_wrapper', [], true)
 9 APPPATH\Controllers\Home.php(13): view('layout/v_wrapper', [...])
10 SYSTEMPATH\CodeIgniter.php(919): App\Controllers\Home->index()
11 SYSTEMPATH\CodeIgniter.php(494): CodeIgniter\CodeIgniter->runController(Object(App\Controllers\Home))
12 SYSTEMPATH\CodeIgniter.php(353): CodeIgniter\CodeIgniter->handleRequest(null, Object(Config\Cache), false)
13 FCPATH\index.php(79): CodeIgniter\CodeIgniter->run()
